<?xml version="1.0" encoding="UTF-8"?>
<!-- Generated by org.testng.reporters.JUnitXMLReporter -->
<testsuite ignored="0" hostname="DESKTOP-73K6JOR" failures="1" tests="9" name="Test" time="83.527" errors="0" timestamp="2026-04-17T15:21:27 IST">
  <testcase classname="testCases.AccountRegistrationTest" name="Registration" time="4.689"/>
  <testcase classname="testCases.LoginTest" name="login" time="3.283"/>
  <testcase classname="testCases.LoginDataDrivenTest" name="verifyUser" time="6.31"/>
  <testcase classname="testCases.LoginDataDrivenTest" name="verifyUser" time="12.074"/>
  <testcase classname="testCases.LoginDataDrivenTest" name="verifyUser" time="2.939">
    <failure type="java.lang.AssertionError" message="expected [true] but found [false]">
      <![CDATA[java.lang.AssertionError: expected [true] but found [false]
at testCases.LoginDataDrivenTest.verifyUser(LoginDataDrivenTest.java:49)
at java.base/java.util.ArrayList.forEach(ArrayList.java:1541)
... Removed 31 stack frames]]>
    </failure>
  </testcase> <!-- verifyUser -->
  <testcase classname="testCases.LoginDataDrivenTest" name="verifyUser" time="2.949"/>
  <testcase classname="testCases.LoginDataDrivenTest" name="verifyUser" time="2.708"/>
  <testcase classname="testCases.LoginDataDrivenTest" name="verifyUser" time="12.029"/>
  <testcase classname="testCases.SearchProductTest" name="searchProduct" time="15.846"/>
</testsuite> <!-- Test -->
