<?xml version="1.0" encoding="UTF-8"?>
<!-- Generated by org.testng.reporters.JUnitXMLReporter -->
<testsuite ignored="0" hostname="DESKTOP-73K6JOR" failures="1" tests="1" name="Test" time="22.408" errors="0" timestamp="2026-07-07T19:14:39 IST">
  <testcase classname="testCases.AccountRegistrationTest" name="Registration" time="12.885">
    <failure type="java.lang.AssertionError" message="expected [true] but found [false]">
      <![CDATA[java.lang.AssertionError: expected [true] but found [false]
at testCases.AccountRegistrationTest.Registration(AccountRegistrationTest.java:48)
at java.base/java.util.ArrayList.forEach(ArrayList.java:1541)
... Removed 35 stack frames]]>
    </failure>
  </testcase> <!-- Registration -->
</testsuite> <!-- Test -->
