<?xml version="1.0" encoding="UTF-8"?>
<!-- Generated by org.testng.reporters.JUnitXMLReporter -->
<testsuite ignored="0" hostname="DESKTOP-73K6JOR" failures="1" tests="9" name="Test" time="89.908" errors="0" timestamp="2026-04-17T16:00:08 IST">
  <testcase classname="testCases.AccountRegistrationTest" name="Registration" time="4.061"/>
  <testcase classname="testCases.LoginTest" name="login" time="2.879"/>
  <testcase classname="testCases.LoginDataDrivenTest" name="verifyUser" time="2.106"/>
  <testcase classname="testCases.LoginDataDrivenTest" name="verifyUser" time="10.908"/>
  <testcase classname="testCases.LoginDataDrivenTest" name="verifyUser" time="3.047">
    <failure type="java.lang.AssertionError" message="expected [true] but found [false]">
      <![CDATA[java.lang.AssertionError: expected [true] but found [false]
at testCases.LoginDataDrivenTest.verifyUser(LoginDataDrivenTest.java:49)
at java.base/java.util.ArrayList.forEach(ArrayList.java:1511)
... Removed 35 stack frames]]>
    </failure>
  </testcase> <!-- verifyUser -->
  <testcase classname="testCases.LoginDataDrivenTest" name="verifyUser" time="2.655"/>
  <testcase classname="testCases.LoginDataDrivenTest" name="verifyUser" time="2.626"/>
  <testcase classname="testCases.LoginDataDrivenTest" name="verifyUser" time="11.987"/>
  <testcase classname="testCases.SearchProductTest" name="searchProduct" time="15.678"/>
</testsuite> <!-- Test -->
