<?xml version="1.0" encoding="UTF-8"?>
<testsuite xmlns:xsi="http://www.w3.org/2001/XMLSchema-instance" xsi:noNamespaceSchemaLocation="https://maven.apache.org/surefire/maven-surefire-plugin/xsd/surefire-test-report.xsd" version="3.0.2" name="TestSuite" time="98.354" tests="9" errors="0" skipped="0" failures="1" flakes="0">
  <properties>
[...]
</properties>
  <testcase name="Registration" classname="testCases.AccountRegistrationTest" time="4.082">
    <system-out><![CDATA[2026-04-17T10:28:32.496517700Z main ERROR Unrecognized format specifier []
2026-04-17T10:28:32.501518500Z main ERROR Empty conversion specifier starting at position 20 in conversion pattern.
2026-04-17T10:28:32.522309300Z main ERROR Unrecognized format specifier []
2026-04-17T10:28:32.522803700Z main ERROR Empty conversion specifier starting at position 20 in conversion pattern.
2026-04-17T10:28:32.525884400Z main ERROR TimeBasedTriggeringPolicy contains an invalid element or attribute "size"
false
]]></system-out>
    <system-err><![CDATA[SLF4J(W): No SLF4J providers were found.
SLF4J(W): Defaulting to no-operation (NOP) logger implementation
SLF4J(W): See https://www.slf4j.org/codes.html#noProviders for further details.
SLF4J(W): Class path contains SLF4J bindings targeting slf4j-api versions 1.7.x or earlier.
SLF4J(W): Ignoring binding found at [jar:file:/C:/Users/premsgar/.m2/repository/org/apache/logging/log4j/log4j-slf4j-impl/2.25.3/log4j-slf4j-impl-2.25.3.jar!/org/slf4j/impl/StaticLoggerBinder.class]
SLF4J(W): See https://www.slf4j.org/codes.html#ignoredBindings for an explanation.
Apr 17, 2026 3:58:48 PM org.openqa.selenium.devtools.CdpVersionFinder findNearestMatch
WARNING: Unable to find an exact match for CDP version 147, returning the closest version; found: 145; Please update to a Selenium version that supports CDP version 147
]]></system-err>
  </testcase>
  <testcase name="login" classname="testCases.LoginTest" time="2.877">
    <system-out><![CDATA[false
]]></system-out>
    <system-err><![CDATA[Apr 17, 2026 3:58:56 PM org.openqa.selenium.devtools.CdpVersionFinder findNearestMatch
WARNING: Unable to find an exact match for CDP version 147, returning the closest version; found: 145; Please update to a Selenium version that supports CDP version 147
]]></system-err>
  </testcase>
  <testcase name="verifyUser[premscr7@gmail.com, test@123A, valid](1)" classname="testCases.LoginDataDrivenTest" time="2.106">
    <system-out><![CDATA[false
6
3
premscr7@gmail.com
test@123A
valid
lakshmi@yahoo.com
Laxmin1
invalid
laksh@yahoo.com
Lakshmi
invalid
rajaRao1@gmail.com
chanduRaja1@
valid
create123@gmail.com
ram@!!@A2
valid
xyz@gmail.com
ettt
wwe
]]></system-out>
    <system-err><![CDATA[Apr 17, 2026 3:59:02 PM org.openqa.selenium.devtools.CdpVersionFinder findNearestMatch
WARNING: Unable to find an exact match for CDP version 147, returning the closest version; found: 145; Please update to a Selenium version that supports CDP version 147
]]></system-err>
  </testcase>
  <testcase name="verifyUser[lakshmi@yahoo.com, Laxmin1, invalid](2)" classname="testCases.LoginDataDrivenTest" time="10.908"/>
  <testcase name="verifyUser[laksh@yahoo.com, Lakshmi, invalid](3)" classname="testCases.LoginDataDrivenTest" time="3.274">
    <failure message="expected [true] but found [false]" type="java.lang.AssertionError"><![CDATA[java.lang.AssertionError: expected [true] but found [false]
	at org.testng.Assert.fail(Assert.java:111)
	at org.testng.Assert.failNotEquals(Assert.java:1590)
	at org.testng.Assert.assertTrue(Assert.java:57)
	at org.testng.Assert.assertTrue(Assert.java:67)
	at testCases.LoginDataDrivenTest.verifyUser(LoginDataDrivenTest.java:49)
	at java.base/jdk.internal.reflect.NativeMethodAccessorImpl.invoke0(Native Method)
	at java.base/jdk.internal.reflect.NativeMethodAccessorImpl.invoke(NativeMethodAccessorImpl.java:77)
	at java.base/jdk.internal.reflect.DelegatingMethodAccessorImpl.invoke(DelegatingMethodAccessorImpl.java:43)
	at java.base/java.lang.reflect.Method.invoke(Method.java:568)
	at org.testng.internal.invokers.MethodInvocationHelper.invokeMethod(MethodInvocationHelper.java:141)
	at org.testng.internal.invokers.TestInvoker.invokeMethod(TestInvoker.java:697)
	at org.testng.internal.invokers.TestInvoker.invokeTestMethod(TestInvoker.java:230)
	at org.testng.internal.invokers.MethodRunner.runInSequence(MethodRunner.java:63)
	at org.testng.internal.invokers.TestInvoker$MethodInvocationAgent.invoke(TestInvoker.java:1005)
	at org.testng.internal.invokers.TestInvoker.invokeTestMethods(TestInvoker.java:203)
	at org.testng.internal.invokers.TestMethodWorker.invokeTestMethods(TestMethodWorker.java:154)
	at org.testng.internal.invokers.TestMethodWorker.run(TestMethodWorker.java:134)
	at java.base/java.util.ArrayList.forEach(ArrayList.java:1511)
	at org.testng.TestRunner.privateRun(TestRunner.java:744)
	at org.testng.TestRunner.run(TestRunner.java:616)
	at org.testng.SuiteRunner.runTest(SuiteRunner.java:421)
	at org.testng.SuiteRunner.runSequentially(SuiteRunner.java:413)
	at org.testng.SuiteRunner.privateRun(SuiteRunner.java:373)
	at org.testng.SuiteRunner.run(SuiteRunner.java:312)
	at org.testng.SuiteRunnerWorker.runSuite(SuiteRunnerWorker.java:52)
	at org.testng.SuiteRunnerWorker.run(SuiteRunnerWorker.java:95)
	at org.testng.TestNG.runSuitesSequentially(TestNG.java:1274)
	at org.testng.TestNG.runSuitesLocally(TestNG.java:1208)
	at org.testng.TestNG.runSuites(TestNG.java:1112)
	at org.testng.TestNG.run(TestNG.java:1079)
	at org.apache.maven.surefire.testng.TestNGExecutor.run(TestNGExecutor.java:308)
	at org.apache.maven.surefire.testng.TestNGXmlTestSuite.execute(TestNGXmlTestSuite.java:71)
	at org.apache.maven.surefire.testng.TestNGProvider.invoke(TestNGProvider.java:113)
	at org.apache.maven.surefire.booter.ForkedBooter.runSuitesInProcess(ForkedBooter.java:385)
	at org.apache.maven.surefire.booter.ForkedBooter.execute(ForkedBooter.java:162)
	at org.apache.maven.surefire.booter.ForkedBooter.run(ForkedBooter.java:507)
	at org.apache.maven.surefire.booter.ForkedBooter.main(ForkedBooter.java:495)
]]></failure>
  </testcase>
  <testcase name="verifyUser[rajaRao1@gmail.com, chanduRaja1@, valid](4)" classname="testCases.LoginDataDrivenTest" time="2.659"/>
  <testcase name="verifyUser[create123@gmail.com, ram@!!@A2, valid](5)" classname="testCases.LoginDataDrivenTest" time="2.623"/>
  <testcase name="verifyUser[xyz@gmail.com, ettt, wwe](6)" classname="testCases.LoginDataDrivenTest" time="11.987"/>
  <testcase name="searchProduct" classname="testCases.SearchProductTest" time="15.678">
    <system-out><![CDATA[false
products available.....but
iPhone
products available....verify
added to cart
]]></system-out>
    <system-err><![CDATA[Apr 17, 2026 3:59:42 PM org.openqa.selenium.devtools.CdpVersionFinder findNearestMatch
WARNING: Unable to find an exact match for CDP version 147, returning the closest version; found: 145; Please update to a Selenium version that supports CDP version 147
]]></system-err>
  </testcase>
</testsuite>