<?xml version="1.0" encoding="UTF-8"?>
<testng-results ignored="0" total="2" passed="2" failed="0" skipped="0">
  <reporter-output>
  </reporter-output>
  <suite started-at="2026-03-27T08:35:48 IST" name="Suite" finished-at="2026-03-27T08:36:00 IST" duration-ms="12548">
    <groups>
      <group name="Master">
        <method signature="AccountRegistrationTest.Registration()[pri:0, instance:testCases.AccountRegistrationTest@2ddc9a9f]" name="Registration" class="testCases.AccountRegistrationTest"/>
        <method signature="LoginTest.login()[pri:0, instance:testCases.LoginTest@26d9b808]" name="login" class="testCases.LoginTest"/>
      </group> <!-- Master -->
      <group name="Sanity">
        <method signature="LoginTest.login()[pri:0, instance:testCases.LoginTest@26d9b808]" name="login" class="testCases.LoginTest"/>
      </group> <!-- Sanity -->
      <group name="Regression">
        <method signature="AccountRegistrationTest.Registration()[pri:0, instance:testCases.AccountRegistrationTest@2ddc9a9f]" name="Registration" class="testCases.AccountRegistrationTest"/>
      </group> <!-- Regression -->
    </groups>
    <test started-at="2026-03-27T08:35:48 IST" name="Test" finished-at="2026-03-27T08:36:00 IST" duration-ms="12548">
      <class name="testCases.LoginTest">
        <test-method is-config="true" signature="setUp(java.lang.String,java.lang.String)[pri:0, instance:testCases.LoginTest@26d9b808]" started-at="2026-03-27T08:35:57 IST" name="setUp" finished-at="2026-03-27T08:35:59 IST" duration-ms="2040" status="PASS">
          <params>
            <param index="0">
              <value>
                <![CDATA[window]]>
              </value>
            </param>
            <param index="1">
              <value>
                <![CDATA[edge]]>
              </value>
            </param>
          </params>
          <reporter-output>
          </reporter-output>
        </test-method> <!-- setUp -->
        <test-method signature="login()[pri:0, instance:testCases.LoginTest@26d9b808]" started-at="2026-03-27T08:35:59 IST" name="login" finished-at="2026-03-27T08:36:00 IST" duration-ms="1504" status="PASS">
          <reporter-output>
          </reporter-output>
        </test-method> <!-- login -->
        <test-method is-config="true" signature="tearDown()[pri:0, instance:testCases.LoginTest@26d9b808]" started-at="2026-03-27T08:36:00 IST" name="tearDown" finished-at="2026-03-27T08:36:00 IST" duration-ms="242" status="PASS">
          <reporter-output>
          </reporter-output>
        </test-method> <!-- tearDown -->
      </class> <!-- testCases.LoginTest -->
      <class name="testCases.AccountRegistrationTest">
        <test-method is-config="true" signature="setUp(java.lang.String,java.lang.String)[pri:0, instance:testCases.AccountRegistrationTest@2ddc9a9f]" started-at="2026-03-27T08:35:48 IST" name="setUp" finished-at="2026-03-27T08:35:53 IST" duration-ms="5229" status="PASS">
          <params>
            <param index="0">
              <value>
                <![CDATA[window]]>
              </value>
            </param>
            <param index="1">
              <value>
                <![CDATA[edge]]>
              </value>
            </param>
          </params>
          <reporter-output>
          </reporter-output>
        </test-method> <!-- setUp -->
        <test-method signature="Registration()[pri:0, instance:testCases.AccountRegistrationTest@2ddc9a9f]" started-at="2026-03-27T08:35:53 IST" name="Registration" finished-at="2026-03-27T08:35:56 IST" duration-ms="2863" status="PASS">
          <reporter-output>
          </reporter-output>
        </test-method> <!-- Registration -->
        <test-method is-config="true" signature="tearDown()[pri:0, instance:testCases.AccountRegistrationTest@2ddc9a9f]" started-at="2026-03-27T08:35:56 IST" name="tearDown" finished-at="2026-03-27T08:35:57 IST" duration-ms="290" status="PASS">
          <reporter-output>
          </reporter-output>
        </test-method> <!-- tearDown -->
      </class> <!-- testCases.AccountRegistrationTest -->
    </test> <!-- Test -->
  </suite> <!-- Suite -->
</testng-results>
