<?xml version="1.0" encoding="UTF-8"?>
<testng-results ignored="0" total="2" passed="2" failed="0" skipped="0">
  <reporter-output>
  </reporter-output>
  <suite started-at="2026-03-26T17:32:12 IST" name="Suite" finished-at="2026-03-26T17:32:25 IST" duration-ms="12521">
    <groups>
      <group name="Master">
        <method signature="AccountRegistrationTest.Registration()[pri:0, instance:testCases.AccountRegistrationTest@673fdbce]" name="Registration" class="testCases.AccountRegistrationTest"/>
        <method signature="LoginTest.login()[pri:0, instance:testCases.LoginTest@710636b0]" name="login" class="testCases.LoginTest"/>
      </group> <!-- Master -->
      <group name="Sanity">
        <method signature="LoginTest.login()[pri:0, instance:testCases.LoginTest@710636b0]" name="login" class="testCases.LoginTest"/>
      </group> <!-- Sanity -->
      <group name="Regression">
        <method signature="AccountRegistrationTest.Registration()[pri:0, instance:testCases.AccountRegistrationTest@673fdbce]" name="Registration" class="testCases.AccountRegistrationTest"/>
      </group> <!-- Regression -->
    </groups>
    <test started-at="2026-03-26T17:32:12 IST" name="Test" finished-at="2026-03-26T17:32:25 IST" duration-ms="12521">
      <class name="testCases.LoginTest">
        <test-method is-config="true" signature="setUp(java.lang.String,java.lang.String)[pri:0, instance:testCases.LoginTest@710636b0]" started-at="2026-03-26T17:32:20 IST" name="setUp" finished-at="2026-03-26T17:32:23 IST" duration-ms="2468" status="PASS">
          <params>
            <param index="0">
              <value>
                <![CDATA[window]]>
              </value>
            </param>
            <param index="1">
              <value>
                <![CDATA[edge]]>
              </value>
            </param>
          </params>
          <reporter-output>
          </reporter-output>
        </test-method> <!-- setUp -->
        <test-method signature="login()[pri:0, instance:testCases.LoginTest@710636b0]" started-at="2026-03-26T17:32:23 IST" name="login" finished-at="2026-03-26T17:32:25 IST" duration-ms="1607" status="PASS">
          <reporter-output>
          </reporter-output>
        </test-method> <!-- login -->
        <test-method is-config="true" signature="tearDown()[pri:0, instance:testCases.LoginTest@710636b0]" started-at="2026-03-26T17:32:25 IST" name="tearDown" finished-at="2026-03-26T17:32:25 IST" duration-ms="452" status="PASS">
          <reporter-output>
          </reporter-output>
        </test-method> <!-- tearDown -->
      </class> <!-- testCases.LoginTest -->
      <class name="testCases.AccountRegistrationTest">
        <test-method is-config="true" signature="setUp(java.lang.String,java.lang.String)[pri:0, instance:testCases.AccountRegistrationTest@673fdbce]" started-at="2026-03-26T17:32:13 IST" name="setUp" finished-at="2026-03-26T17:32:18 IST" duration-ms="4834" status="PASS">
          <params>
            <param index="0">
              <value>
                <![CDATA[window]]>
              </value>
            </param>
            <param index="1">
              <value>
                <![CDATA[edge]]>
              </value>
            </param>
          </params>
          <reporter-output>
          </reporter-output>
        </test-method> <!-- setUp -->
        <test-method signature="Registration()[pri:0, instance:testCases.AccountRegistrationTest@673fdbce]" started-at="2026-03-26T17:32:18 IST" name="Registration" finished-at="2026-03-26T17:32:20 IST" duration-ms="2533" status="PASS">
          <reporter-output>
          </reporter-output>
        </test-method> <!-- Registration -->
        <test-method is-config="true" signature="tearDown()[pri:0, instance:testCases.AccountRegistrationTest@673fdbce]" started-at="2026-03-26T17:32:20 IST" name="tearDown" finished-at="2026-03-26T17:32:20 IST" duration-ms="325" status="PASS">
          <reporter-output>
          </reporter-output>
        </test-method> <!-- tearDown -->
      </class> <!-- testCases.AccountRegistrationTest -->
    </test> <!-- Test -->
  </suite> <!-- Suite -->
</testng-results>
